TN:
SF:src/index.ts
FNF:0
FNH:0
DA:1,1
DA:2,1
DA:3,1
DA:4,1
DA:5,1
DA:6,1
DA:7,1
DA:8,1
DA:9,1
DA:10,1
DA:11,1
DA:12,1
LF:12
LH:12
BRF:0
BRH:0
end_of_record
TN:
SF:src/methods.ts
FN:11,pathManager
FN:24,getParamNamesFromRawUri
FN:40,validateParams
FN:60,getPath
FNF:4
FNH:4
FNDA:1,pathManager
FNDA:4,getParamNamesFromRawUri
FNDA:2,validateParams
FNDA:4,getPath
DA:1,1
DA:2,1
DA:3,1
DA:4,1
DA:5,1
DA:6,1
DA:7,1
DA:8,1
DA:9,1
DA:10,1
DA:11,1
DA:12,1
DA:13,1
DA:14,1
DA:15,1
DA:16,1
DA:17,1
DA:18,1
DA:19,1
DA:20,1
DA:21,1
DA:22,1
DA:23,1
DA:24,1
DA:25,4
DA:26,4
DA:27,4
DA:28,3
DA:29,3
DA:30,1
DA:31,1
DA:32,1
DA:33,1
DA:34,1
DA:35,1
DA:36,1
DA:37,1
DA:38,1
DA:39,1
DA:40,1
DA:41,2
DA:42,2
DA:43,2
DA:44,2
DA:45,2
DA:46,2
DA:47,2
DA:48,2
DA:49,1
DA:50,1
DA:51,1
DA:52,1
DA:53,1
DA:54,1
DA:55,1
DA:56,1
DA:57,1
DA:58,1
DA:59,1
DA:60,1
DA:61,4
DA:62,4
DA:63,4
DA:64,4
DA:65,4
DA:66,4
DA:67,4
DA:68,4
DA:69,4
DA:70,4
DA:71,3
DA:72,4
DA:73,1
DA:74,1
DA:75,2
DA:76,2
DA:77,2
DA:78,4
DA:79,1
DA:80,1
DA:81,1
DA:82,1
DA:83,1
DA:84,1
DA:85,2
DA:86,2
DA:87,2
DA:88,2
DA:89,1
DA:90,1
DA:91,1
DA:92,1
DA:93,1
DA:94,1
DA:95,1
DA:96,1
DA:97,1
LF:97
LH:97
BRDA:11,0,0,1
BRDA:24,1,0,4
BRDA:27,2,0,1
BRDA:28,3,0,3
BRDA:29,4,0,6
BRDA:40,5,0,2
BRDA:47,6,0,3
BRDA:60,7,0,4
BRDA:70,8,0,1
BRDA:71,9,0,3
BRDA:72,10,0,1
BRDA:75,11,0,2
BRDA:78,12,0,1
BRDA:84,13,0,2
BRF:14
BRH:14
end_of_record
